2024-02-26:23:56:15,152 INFO     [psi4.driver.task_planner:283] PLANNING Atomic:  keywords={'CC_NUM_THREADS': 12, 'D_CONVERGENCE': 1e-10, 'E_CONVERGENCE': 1e-10, 'FREEZE_CORE': '1', 'INTS_TOLERANCE': 1e-18, 'function_kwargs': {}}
2024-02-26:23:56:15,154 INFO     [psi4.driver.driver:524] Compute energy(): method=sapt2, basis=aug-cc-pvtz, molecule=default, nre=1359.4033101457842
2024-02-27:00:30:34,984 INFO     [psi4.driver.driver:527] Return energy(): -0.0993764033013998
2024-02-27:00:30:46,254 INFO     [psi4.driver.task_planner:283] PLANNING Atomic:  keywords={'CC_NUM_THREADS': 12, 'DF_INTS_IO': 'NONE', 'D_CONVERGENCE': 1e-10, 'SAPT__D_CONVERGENCE': 1e-09, 'E_CONVERGENCE': 1e-10, 'SAPT__E_CONVERGENCE': 1e-09, 'FREEZE_CORE': '1', 'INTS_TOLERANCE': 1e-18, 'SCF__INTS_TOLERANCE': 1e-18, 'SAPT__SAPT_LEVEL': 'SAPT2', 'function_kwargs': {}}
2024-02-27:00:30:46,256 INFO     [psi4.driver.driver:524] Compute energy(): method=sapt2, basis=aug-cc-pvtz, molecule=default, nre=1358.7806655624545
2024-02-27:01:05:06,457 INFO     [psi4.driver.driver:527] Return energy(): -0.09829787479824723
2024-02-27:01:05:17,686 INFO     [psi4.driver.task_planner:283] PLANNING Atomic:  keywords={'CC_NUM_THREADS': 12, 'DF_INTS_IO': 'NONE', 'D_CONVERGENCE': 1e-10, 'SAPT__D_CONVERGENCE': 1e-09, 'E_CONVERGENCE': 1e-10, 'SAPT__E_CONVERGENCE': 1e-09, 'FREEZE_CORE': '1', 'INTS_TOLERANCE': 1e-18, 'SCF__INTS_TOLERANCE': 1e-18, 'SAPT__SAPT_LEVEL': 'SAPT2', 'function_kwargs': {}}
2024-02-27:01:05:17,687 INFO     [psi4.driver.driver:524] Compute energy(): method=sapt2, basis=aug-cc-pvtz, molecule=default, nre=1358.190875257635
2024-02-27:01:39:41,407 INFO     [psi4.driver.driver:527] Return energy(): -0.09753467308715487
2024-02-27:01:39:52,647 INFO     [psi4.driver.task_planner:283] PLANNING Atomic:  keywords={'CC_NUM_THREADS': 12, 'DF_INTS_IO': 'NONE', 'D_CONVERGENCE': 1e-10, 'SAPT__D_CONVERGENCE': 1e-09, 'E_CONVERGENCE': 1e-10, 'SAPT__E_CONVERGENCE': 1e-09, 'FREEZE_CORE': '1', 'INTS_TOLERANCE': 1e-18, 'SCF__INTS_TOLERANCE': 1e-18, 'SAPT__SAPT_LEVEL': 'SAPT2', 'function_kwargs': {}}
2024-02-27:01:39:52,649 INFO     [psi4.driver.driver:524] Compute energy(): method=sapt2, basis=aug-cc-pvtz, molecule=default, nre=1359.5957106635833
2024-02-27:02:14:18,27 INFO     [psi4.driver.driver:527] Return energy(): -0.09904897819731641
2024-02-27:02:14:29,245 INFO     [psi4.driver.task_planner:283] PLANNING Atomic:  keywords={'CC_NUM_THREADS': 12, 'DF_INTS_IO': 'NONE', 'D_CONVERGENCE': 1e-10, 'SAPT__D_CONVERGENCE': 1e-09, 'E_CONVERGENCE': 1e-10, 'SAPT__E_CONVERGENCE': 1e-09, 'FREEZE_CORE': '1', 'INTS_TOLERANCE': 1e-18, 'SCF__INTS_TOLERANCE': 1e-18, 'SAPT__SAPT_LEVEL': 'SAPT2', 'function_kwargs': {}}
2024-02-27:02:14:29,246 INFO     [psi4.driver.driver:524] Compute energy(): method=sapt2, basis=aug-cc-pvtz, molecule=default, nre=1358.6835412315836
2024-02-27:02:49:03,931 INFO     [psi4.driver.driver:527] Return energy(): -0.08978592084815332
2024-02-27:02:49:15,157 INFO     [psi4.driver.task_planner:283] PLANNING Atomic:  keywords={'CC_NUM_THREADS': 12, 'DF_INTS_IO': 'NONE', 'D_CONVERGENCE': 1e-10, 'SAPT__D_CONVERGENCE': 1e-09, 'E_CONVERGENCE': 1e-10, 'SAPT__E_CONVERGENCE': 1e-09, 'FREEZE_CORE': '1', 'INTS_TOLERANCE': 1e-18, 'SCF__INTS_TOLERANCE': 1e-18, 'SAPT__SAPT_LEVEL': 'SAPT2', 'function_kwargs': {}}
2024-02-27:02:49:15,159 INFO     [psi4.driver.driver:524] Compute energy(): method=sapt2, basis=aug-cc-pvtz, molecule=default, nre=1358.143183862949
2024-02-27:03:23:19,340 INFO     [psi4.driver.driver:527] Return energy(): -0.08942030418517188
2024-02-27:03:23:30,575 INFO     [psi4.driver.task_planner:283] PLANNING Atomic:  keywords={'CC_NUM_THREADS': 12, 'DF_INTS_IO': 'NONE', 'D_CONVERGENCE': 1e-10, 'SAPT__D_CONVERGENCE': 1e-09, 'E_CONVERGENCE': 1e-10, 'SAPT__E_CONVERGENCE': 1e-09, 'FREEZE_CORE': '1', 'INTS_TOLERANCE': 1e-18, 'SCF__INTS_TOLERANCE': 1e-18, 'SAPT__SAPT_LEVEL': 'SAPT2', 'function_kwargs': {}}
2024-02-27:03:23:30,577 INFO     [psi4.driver.driver:524] Compute energy(): method=sapt2, basis=aug-cc-pvtz, molecule=default, nre=1358.6969111939538
2024-02-27:03:58:05,557 INFO     [psi4.driver.driver:527] Return energy(): -0.09005386453036604
2024-02-27:03:58:16,783 INFO     [psi4.driver.task_planner:283] PLANNING Atomic:  keywords={'CC_NUM_THREADS': 12, 'DF_INTS_IO': 'NONE', 'D_CONVERGENCE': 1e-10, 'SAPT__D_CONVERGENCE': 1e-09, 'E_CONVERGENCE': 1e-10, 'SAPT__E_CONVERGENCE': 1e-09, 'FREEZE_CORE': '1', 'INTS_TOLERANCE': 1e-18, 'SCF__INTS_TOLERANCE': 1e-18, 'SAPT__SAPT_LEVEL': 'SAPT2', 'function_kwargs': {}}
2024-02-27:03:58:16,785 INFO     [psi4.driver.driver:524] Compute energy(): method=sapt2, basis=aug-cc-pvtz, molecule=default, nre=1358.5693341099814
2024-02-27:04:32:25,250 INFO     [psi4.driver.driver:527] Return energy(): -0.09007532778671663
2024-02-27:04:32:36,487 INFO     [psi4.driver.task_planner:283] PLANNING Atomic:  keywords={'CC_NUM_THREADS': 12, 'DF_INTS_IO': 'NONE', 'D_CONVERGENCE': 1e-10, 'SAPT__D_CONVERGENCE': 1e-09, 'E_CONVERGENCE': 1e-10, 'SAPT__E_CONVERGENCE': 1e-09, 'FREEZE_CORE': '1', 'INTS_TOLERANCE': 1e-18, 'SCF__INTS_TOLERANCE': 1e-18, 'SAPT__SAPT_LEVEL': 'SAPT2', 'function_kwargs': {}}
2024-02-27:04:32:36,489 INFO     [psi4.driver.driver:524] Compute energy(): method=sapt2, basis=aug-cc-pvtz, molecule=default, nre=1357.1928777024655
2024-02-27:05:07:12,992 INFO     [psi4.driver.driver:527] Return energy(): -0.09444459792451598
2024-02-27:05:07:24,226 INFO     [psi4.driver.task_planner:283] PLANNING Atomic:  keywords={'CC_NUM_THREADS': 12, 'DF_INTS_IO': 'NONE', 'D_CONVERGENCE': 1e-10, 'SAPT__D_CONVERGENCE': 1e-09, 'E_CONVERGENCE': 1e-10, 'SAPT__E_CONVERGENCE': 1e-09, 'FREEZE_CORE': '1', 'INTS_TOLERANCE': 1e-18, 'SCF__INTS_TOLERANCE': 1e-18, 'SAPT__SAPT_LEVEL': 'SAPT2', 'function_kwargs': {}}
2024-02-27:05:07:24,227 INFO     [psi4.driver.driver:524] Compute energy(): method=sapt2, basis=aug-cc-pvtz, molecule=default, nre=1356.629466741189
2024-02-27:05:41:58,969 INFO     [psi4.driver.driver:527] Return energy(): -0.09366530505265065
2024-02-27:05:42:10,194 INFO     [psi4.driver.task_planner:283] PLANNING Atomic:  keywords={'CC_NUM_THREADS': 12, 'DF_INTS_IO': 'NONE', 'D_CONVERGENCE': 1e-10, 'SAPT__D_CONVERGENCE': 1e-09, 'E_CONVERGENCE': 1e-10, 'SAPT__E_CONVERGENCE': 1e-09, 'FREEZE_CORE': '1', 'INTS_TOLERANCE': 1e-18, 'SCF__INTS_TOLERANCE': 1e-18, 'SAPT__SAPT_LEVEL': 'SAPT2', 'function_kwargs': {}}
2024-02-27:05:42:10,195 INFO     [psi4.driver.driver:524] Compute energy(): method=sapt2, basis=aug-cc-pvtz, molecule=default, nre=1356.2707602370028
2024-02-27:06:16:46,818 INFO     [psi4.driver.driver:527] Return energy(): -0.09336941538634365
2024-02-27:06:16:58,37 INFO     [psi4.driver.task_planner:283] PLANNING Atomic:  keywords={'CC_NUM_THREADS': 12, 'DF_INTS_IO': 'NONE', 'D_CONVERGENCE': 1e-10, 'SAPT__D_CONVERGENCE': 1e-09, 'E_CONVERGENCE': 1e-10, 'SAPT__E_CONVERGENCE': 1e-09, 'FREEZE_CORE': '1', 'INTS_TOLERANCE': 1e-18, 'SCF__INTS_TOLERANCE': 1e-18, 'SAPT__SAPT_LEVEL': 'SAPT2', 'function_kwargs': {}}
2024-02-27:06:16:58,39 INFO     [psi4.driver.driver:524] Compute energy(): method=sapt2, basis=aug-cc-pvtz, molecule=default, nre=1357.3542206269958
2024-02-27:06:51:33,665 INFO     [psi4.driver.driver:527] Return energy(): -0.09445896206933807
2024-02-27:06:51:44,912 INFO     [psi4.driver.task_planner:283] PLANNING Atomic:  keywords={'CC_NUM_THREADS': 12, 'DF_INTS_IO': 'NONE', 'D_CONVERGENCE': 1e-10, 'SAPT__D_CONVERGENCE': 1e-09, 'E_CONVERGENCE': 1e-10, 'SAPT__E_CONVERGENCE': 1e-09, 'FREEZE_CORE': '1', 'INTS_TOLERANCE': 1e-18, 'SCF__INTS_TOLERANCE': 1e-18, 'SAPT__SAPT_LEVEL': 'SAPT2', 'function_kwargs': {}}
2024-02-27:06:51:44,914 INFO     [psi4.driver.driver:524] Compute energy(): method=sapt2, basis=aug-cc-pvtz, molecule=default, nre=1357.9743313272568
2024-02-27:07:26:14,697 INFO     [psi4.driver.driver:527] Return energy(): -0.08505240128011628
2024-02-27:07:26:25,927 INFO     [psi4.driver.task_planner:283] PLANNING Atomic:  keywords={'CC_NUM_THREADS': 12, 'DF_INTS_IO': 'NONE', 'D_CONVERGENCE': 1e-10, 'SAPT__D_CONVERGENCE': 1e-09, 'E_CONVERGENCE': 1e-10, 'SAPT__E_CONVERGENCE': 1e-09, 'FREEZE_CORE': '1', 'INTS_TOLERANCE': 1e-18, 'SCF__INTS_TOLERANCE': 1e-18, 'SAPT__SAPT_LEVEL': 'SAPT2', 'function_kwargs': {}}
2024-02-27:07:26:25,928 INFO     [psi4.driver.driver:524] Compute energy(): method=sapt2, basis=aug-cc-pvtz, molecule=default, nre=1358.8259617934068
2024-02-27:08:00:50,193 INFO     [psi4.driver.driver:527] Return energy(): -0.08576938236657747
2024-02-27:08:01:01,426 INFO     [psi4.driver.task_planner:283] PLANNING Atomic:  keywords={'CC_NUM_THREADS': 12, 'DF_INTS_IO': 'NONE', 'D_CONVERGENCE': 1e-10, 'SAPT__D_CONVERGENCE': 1e-09, 'E_CONVERGENCE': 1e-10, 'SAPT__E_CONVERGENCE': 1e-09, 'FREEZE_CORE': '1', 'INTS_TOLERANCE': 1e-18, 'SCF__INTS_TOLERANCE': 1e-18, 'SAPT__SAPT_LEVEL': 'SAPT2', 'function_kwargs': {}}
2024-02-27:08:01:01,428 INFO     [psi4.driver.driver:524] Compute energy(): method=sapt2, basis=aug-cc-pvtz, molecule=default, nre=1359.018942144615
2024-02-27:08:35:36,668 INFO     [psi4.driver.driver:527] Return energy(): -0.0864986219309757
2024-02-27:08:35:47,957 INFO     [psi4.driver.task_planner:283] PLANNING Atomic:  keywords={'CC_NUM_THREADS': 12, 'DF_INTS_IO': 'NONE', 'D_CONVERGENCE': 1e-10, 'SAPT__D_CONVERGENCE': 1e-09, 'E_CONVERGENCE': 1e-10, 'SAPT__E_CONVERGENCE': 1e-09, 'FREEZE_CORE': '1', 'INTS_TOLERANCE': 1e-18, 'SCF__INTS_TOLERANCE': 1e-18, 'SAPT__SAPT_LEVEL': 'SAPT2', 'function_kwargs': {}}
2024-02-27:08:35:47,958 INFO     [psi4.driver.driver:524] Compute energy(): method=sapt2, basis=aug-cc-pvtz, molecule=default, nre=1358.4071741795872
2024-02-27:09:10:08,417 INFO     [psi4.driver.driver:527] Return energy(): -0.08581709136522155
2024-02-27:09:10:19,666 INFO     [psi4.driver.task_planner:283] PLANNING Atomic:  keywords={'CC_NUM_THREADS': 12, 'DF_INTS_IO': 'NONE', 'D_CONVERGENCE': 1e-10, 'SAPT__D_CONVERGENCE': 1e-09, 'E_CONVERGENCE': 1e-10, 'SAPT__E_CONVERGENCE': 1e-09, 'FREEZE_CORE': '1', 'INTS_TOLERANCE': 1e-18, 'SCF__INTS_TOLERANCE': 1e-18, 'SAPT__SAPT_LEVEL': 'SAPT2', 'function_kwargs': {}}
2024-02-27:09:10:19,668 INFO     [psi4.driver.driver:524] Compute energy(): method=sapt2, basis=aug-cc-pvtz, molecule=default, nre=1359.8541980948069
2024-02-27:09:44:26,540 INFO     [psi4.driver.driver:527] Return energy(): -0.0898152647459596
2024-02-27:09:44:37,772 INFO     [psi4.driver.task_planner:283] PLANNING Atomic:  keywords={'CC_NUM_THREADS': 12, 'DF_INTS_IO': 'NONE', 'D_CONVERGENCE': 1e-10, 'SAPT__D_CONVERGENCE': 1e-09, 'E_CONVERGENCE': 1e-10, 'SAPT__E_CONVERGENCE': 1e-09, 'FREEZE_CORE': '1', 'INTS_TOLERANCE': 1e-18, 'SCF__INTS_TOLERANCE': 1e-18, 'SAPT__SAPT_LEVEL': 'SAPT2', 'function_kwargs': {}}
2024-02-27:09:44:37,774 INFO     [psi4.driver.driver:524] Compute energy(): method=sapt2, basis=aug-cc-pvtz, molecule=default, nre=1361.1636843593542
2024-02-27:10:18:47,217 INFO     [psi4.driver.driver:527] Return energy(): -0.09132332172850197
2024-02-27:10:18:58,448 INFO     [psi4.driver.task_planner:283] PLANNING Atomic:  keywords={'CC_NUM_THREADS': 12, 'DF_INTS_IO': 'NONE', 'D_CONVERGENCE': 1e-10, 'SAPT__D_CONVERGENCE': 1e-09, 'E_CONVERGENCE': 1e-10, 'SAPT__E_CONVERGENCE': 1e-09, 'FREEZE_CORE': '1', 'INTS_TOLERANCE': 1e-18, 'SCF__INTS_TOLERANCE': 1e-18, 'SAPT__SAPT_LEVEL': 'SAPT2', 'function_kwargs': {}}
2024-02-27:10:18:58,450 INFO     [psi4.driver.driver:524] Compute energy(): method=sapt2, basis=aug-cc-pvtz, molecule=default, nre=1361.1926694272693
2024-02-27:10:53:06,333 INFO     [psi4.driver.driver:527] Return energy(): -0.09146280126359424
2024-02-27:10:53:17,569 INFO     [psi4.driver.task_planner:283] PLANNING Atomic:  keywords={'CC_NUM_THREADS': 12, 'DF_INTS_IO': 'NONE', 'D_CONVERGENCE': 1e-10, 'SAPT__D_CONVERGENCE': 1e-09, 'E_CONVERGENCE': 1e-10, 'SAPT__E_CONVERGENCE': 1e-09, 'FREEZE_CORE': '1', 'INTS_TOLERANCE': 1e-18, 'SCF__INTS_TOLERANCE': 1e-18, 'SAPT__SAPT_LEVEL': 'SAPT2', 'function_kwargs': {}}
2024-02-27:10:53:17,571 INFO     [psi4.driver.driver:524] Compute energy(): method=sapt2, basis=aug-cc-pvtz, molecule=default, nre=1359.9670988604148
2024-02-27:11:27:22,383 INFO     [psi4.driver.driver:527] Return energy(): -0.09033113172786769
2024-02-27:11:27:33,609 INFO     [psi4.driver.task_planner:283] PLANNING Atomic:  keywords={'CC_NUM_THREADS': 12, 'DF_INTS_IO': 'NONE', 'D_CONVERGENCE': 1e-10, 'SAPT__D_CONVERGENCE': 1e-09, 'E_CONVERGENCE': 1e-10, 'SAPT__E_CONVERGENCE': 1e-09, 'FREEZE_CORE': '1', 'INTS_TOLERANCE': 1e-18, 'SCF__INTS_TOLERANCE': 1e-18, 'SAPT__SAPT_LEVEL': 'SAPT2', 'function_kwargs': {}}
2024-02-27:11:27:33,611 INFO     [psi4.driver.driver:524] Compute energy(): method=sapt2, basis=aug-cc-pvtz, molecule=default, nre=1305.369732957408
2024-02-27:12:01:31,765 INFO     [psi4.driver.driver:527] Return energy(): -0.0767183251370346
2024-02-27:12:01:42,936 INFO     [psi4.driver.task_planner:283] PLANNING Atomic:  keywords={'CC_NUM_THREADS': 12, 'DF_INTS_IO': 'NONE', 'D_CONVERGENCE': 1e-10, 'SAPT__D_CONVERGENCE': 1e-09, 'E_CONVERGENCE': 1e-10, 'SAPT__E_CONVERGENCE': 1e-09, 'FREEZE_CORE': '1', 'INTS_TOLERANCE': 1e-18, 'SCF__INTS_TOLERANCE': 1e-18, 'SAPT__SAPT_LEVEL': 'SAPT2', 'function_kwargs': {}}
2024-02-27:12:01:42,937 INFO     [psi4.driver.driver:524] Compute energy(): method=sapt2, basis=aug-cc-pvtz, molecule=default, nre=1305.9872300210454
2024-02-27:12:35:41,905 INFO     [psi4.driver.driver:527] Return energy(): -0.07738144222297387
2024-02-27:12:35:53,78 INFO     [psi4.driver.task_planner:283] PLANNING Atomic:  keywords={'CC_NUM_THREADS': 12, 'DF_INTS_IO': 'NONE', 'D_CONVERGENCE': 1e-10, 'SAPT__D_CONVERGENCE': 1e-09, 'E_CONVERGENCE': 1e-10, 'SAPT__E_CONVERGENCE': 1e-09, 'FREEZE_CORE': '1', 'INTS_TOLERANCE': 1e-18, 'SCF__INTS_TOLERANCE': 1e-18, 'SAPT__SAPT_LEVEL': 'SAPT2', 'function_kwargs': {}}
2024-02-27:12:35:53,79 INFO     [psi4.driver.driver:524] Compute energy(): method=sapt2, basis=aug-cc-pvtz, molecule=default, nre=1305.9228935692695
2024-02-27:13:09:57,740 INFO     [psi4.driver.driver:527] Return energy(): -0.07736938466688477
2024-02-27:13:10:08,903 INFO     [psi4.driver.task_planner:283] PLANNING Atomic:  keywords={'CC_NUM_THREADS': 12, 'DF_INTS_IO': 'NONE', 'D_CONVERGENCE': 1e-10, 'SAPT__D_CONVERGENCE': 1e-09, 'E_CONVERGENCE': 1e-10, 'SAPT__E_CONVERGENCE': 1e-09, 'FREEZE_CORE': '1', 'INTS_TOLERANCE': 1e-18, 'SCF__INTS_TOLERANCE': 1e-18, 'SAPT__SAPT_LEVEL': 'SAPT2', 'function_kwargs': {}}
2024-02-27:13:10:08,905 INFO     [psi4.driver.driver:524] Compute energy(): method=sapt2, basis=aug-cc-pvtz, molecule=default, nre=1305.5269462568285
2024-02-27:13:44:10,127 INFO     [psi4.driver.driver:527] Return energy(): -0.0770295015749598
2024-02-27:13:44:21,314 INFO     [psi4.driver.task_planner:283] PLANNING Atomic:  keywords={'CC_NUM_THREADS': 12, 'DF_INTS_IO': 'NONE', 'D_CONVERGENCE': 1e-10, 'SAPT__D_CONVERGENCE': 1e-09, 'E_CONVERGENCE': 1e-10, 'SAPT__E_CONVERGENCE': 1e-09, 'FREEZE_CORE': '1', 'INTS_TOLERANCE': 1e-18, 'SCF__INTS_TOLERANCE': 1e-18, 'SAPT__SAPT_LEVEL': 'SAPT2', 'function_kwargs': {}}
2024-02-27:13:44:21,316 INFO     [psi4.driver.driver:524] Compute energy(): method=sapt2, basis=aug-cc-pvtz, molecule=default, nre=1305.9492194924655
2024-02-27:14:18:31,535 INFO     [psi4.driver.driver:527] Return energy(): -0.0845290787157236
2024-02-27:14:18:42,728 INFO     [psi4.driver.task_planner:283] PLANNING Atomic:  keywords={'CC_NUM_THREADS': 12, 'DF_INTS_IO': 'NONE', 'D_CONVERGENCE': 1e-10, 'SAPT__D_CONVERGENCE': 1e-09, 'E_CONVERGENCE': 1e-10, 'SAPT__E_CONVERGENCE': 1e-09, 'FREEZE_CORE': '1', 'INTS_TOLERANCE': 1e-18, 'SCF__INTS_TOLERANCE': 1e-18, 'SAPT__SAPT_LEVEL': 'SAPT2', 'function_kwargs': {}}
2024-02-27:14:18:42,730 INFO     [psi4.driver.driver:524] Compute energy(): method=sapt2, basis=aug-cc-pvtz, molecule=default, nre=1305.9639256305502
2024-02-27:14:52:46,233 INFO     [psi4.driver.driver:527] Return energy(): -0.08449440659625773
2024-02-27:14:52:57,409 INFO     [psi4.driver.task_planner:283] PLANNING Atomic:  keywords={'CC_NUM_THREADS': 12, 'DF_INTS_IO': 'NONE', 'D_CONVERGENCE': 1e-10, 'SAPT__D_CONVERGENCE': 1e-09, 'E_CONVERGENCE': 1e-10, 'SAPT__E_CONVERGENCE': 1e-09, 'FREEZE_CORE': '1', 'INTS_TOLERANCE': 1e-18, 'SCF__INTS_TOLERANCE': 1e-18, 'SAPT__SAPT_LEVEL': 'SAPT2', 'function_kwargs': {}}
2024-02-27:14:52:57,411 INFO     [psi4.driver.driver:524] Compute energy(): method=sapt2, basis=aug-cc-pvtz, molecule=default, nre=1305.8301360468454
2024-02-27:15:27:01,148 INFO     [psi4.driver.driver:527] Return energy(): -0.08411978312267485
2024-02-27:15:27:12,304 INFO     [psi4.driver.task_planner:283] PLANNING Atomic:  keywords={'CC_NUM_THREADS': 12, 'DF_INTS_IO': 'NONE', 'D_CONVERGENCE': 1e-10, 'SAPT__D_CONVERGENCE': 1e-09, 'E_CONVERGENCE': 1e-10, 'SAPT__E_CONVERGENCE': 1e-09, 'FREEZE_CORE': '1', 'INTS_TOLERANCE': 1e-18, 'SCF__INTS_TOLERANCE': 1e-18, 'SAPT__SAPT_LEVEL': 'SAPT2', 'function_kwargs': {}}
2024-02-27:15:27:12,306 INFO     [psi4.driver.driver:524] Compute energy(): method=sapt2, basis=aug-cc-pvtz, molecule=default, nre=1305.493843690572
2024-02-27:16:01:11,841 INFO     [psi4.driver.driver:527] Return energy(): -0.0836374745834746
2024-02-27:16:01:23,18 INFO     [psi4.driver.task_planner:283] PLANNING Atomic:  keywords={'CC_NUM_THREADS': 12, 'DF_INTS_IO': 'NONE', 'D_CONVERGENCE': 1e-10, 'SAPT__D_CONVERGENCE': 1e-09, 'E_CONVERGENCE': 1e-10, 'SAPT__E_CONVERGENCE': 1e-09, 'FREEZE_CORE': '1', 'INTS_TOLERANCE': 1e-18, 'SCF__INTS_TOLERANCE': 1e-18, 'SAPT__SAPT_LEVEL': 'SAPT2', 'function_kwargs': {}}
2024-02-27:16:01:23,20 INFO     [psi4.driver.driver:524] Compute energy(): method=sapt2, basis=aug-cc-pvtz, molecule=default, nre=1305.6868739318297
2024-02-27:16:35:28,184 INFO     [psi4.driver.driver:527] Return energy(): -0.08561551233156531
2024-02-27:16:35:39,378 INFO     [psi4.driver.task_planner:283] PLANNING Atomic:  keywords={'CC_NUM_THREADS': 12, 'DF_INTS_IO': 'NONE', 'D_CONVERGENCE': 1e-10, 'SAPT__D_CONVERGENCE': 1e-09, 'E_CONVERGENCE': 1e-10, 'SAPT__E_CONVERGENCE': 1e-09, 'FREEZE_CORE': '1', 'INTS_TOLERANCE': 1e-18, 'SCF__INTS_TOLERANCE': 1e-18, 'SAPT__SAPT_LEVEL': 'SAPT2', 'function_kwargs': {}}
2024-02-27:16:35:39,379 INFO     [psi4.driver.driver:524] Compute energy(): method=sapt2, basis=aug-cc-pvtz, molecule=default, nre=1305.6959299812538
2024-02-27:17:09:41,39 INFO     [psi4.driver.driver:527] Return energy(): -0.08559571605390699
2024-02-27:17:09:52,221 INFO     [psi4.driver.task_planner:283] PLANNING Atomic:  keywords={'CC_NUM_THREADS': 12, 'DF_INTS_IO': 'NONE', 'D_CONVERGENCE': 1e-10, 'SAPT__D_CONVERGENCE': 1e-09, 'E_CONVERGENCE': 1e-10, 'SAPT__E_CONVERGENCE': 1e-09, 'FREEZE_CORE': '1', 'INTS_TOLERANCE': 1e-18, 'SCF__INTS_TOLERANCE': 1e-18, 'SAPT__SAPT_LEVEL': 'SAPT2', 'function_kwargs': {}}
2024-02-27:17:09:52,222 INFO     [psi4.driver.driver:524] Compute energy(): method=sapt2, basis=aug-cc-pvtz, molecule=default, nre=1305.3957126393414
2024-02-27:17:43:53,445 INFO     [psi4.driver.driver:527] Return energy(): -0.08492373861810315
2024-02-27:17:44:04,629 INFO     [psi4.driver.task_planner:283] PLANNING Atomic:  keywords={'CC_NUM_THREADS': 12, 'DF_INTS_IO': 'NONE', 'D_CONVERGENCE': 1e-10, 'SAPT__D_CONVERGENCE': 1e-09, 'E_CONVERGENCE': 1e-10, 'SAPT__E_CONVERGENCE': 1e-09, 'FREEZE_CORE': '1', 'INTS_TOLERANCE': 1e-18, 'SCF__INTS_TOLERANCE': 1e-18, 'SAPT__SAPT_LEVEL': 'SAPT2', 'function_kwargs': {}}
2024-02-27:17:44:04,631 INFO     [psi4.driver.driver:524] Compute energy(): method=sapt2, basis=aug-cc-pvtz, molecule=default, nre=1305.3554862500907
2024-02-27:18:18:06,273 INFO     [psi4.driver.driver:527] Return energy(): -0.08482388173175635
2024-02-27:18:18:17,448 INFO     [psi4.driver.task_planner:283] PLANNING Atomic:  keywords={'CC_NUM_THREADS': 12, 'DF_INTS_IO': 'NONE', 'D_CONVERGENCE': 1e-10, 'SAPT__D_CONVERGENCE': 1e-09, 'E_CONVERGENCE': 1e-10, 'SAPT__E_CONVERGENCE': 1e-09, 'FREEZE_CORE': '1', 'INTS_TOLERANCE': 1e-18, 'SCF__INTS_TOLERANCE': 1e-18, 'SAPT__SAPT_LEVEL': 'SAPT2', 'function_kwargs': {}}
2024-02-27:18:18:17,450 INFO     [psi4.driver.driver:524] Compute energy(): method=sapt2, basis=aug-cc-pvtz, molecule=default, nre=1303.0443244209912
2024-02-27:18:52:17,373 INFO     [psi4.driver.driver:527] Return energy(): -0.07630586625940097
2024-02-27:18:52:28,554 INFO     [psi4.driver.task_planner:283] PLANNING Atomic:  keywords={'CC_NUM_THREADS': 12, 'DF_INTS_IO': 'NONE', 'D_CONVERGENCE': 1e-10, 'SAPT__D_CONVERGENCE': 1e-09, 'E_CONVERGENCE': 1e-10, 'SAPT__E_CONVERGENCE': 1e-09, 'FREEZE_CORE': '1', 'INTS_TOLERANCE': 1e-18, 'SCF__INTS_TOLERANCE': 1e-18, 'SAPT__SAPT_LEVEL': 'SAPT2', 'function_kwargs': {}}
2024-02-27:18:52:28,556 INFO     [psi4.driver.driver:524] Compute energy(): method=sapt2, basis=aug-cc-pvtz, molecule=default, nre=1304.1980164009979
2024-02-27:19:26:31,418 INFO     [psi4.driver.driver:527] Return energy(): -0.07751882005331151
2024-02-27:19:26:42,592 INFO     [psi4.driver.task_planner:283] PLANNING Atomic:  keywords={'CC_NUM_THREADS': 12, 'DF_INTS_IO': 'NONE', 'D_CONVERGENCE': 1e-10, 'SAPT__D_CONVERGENCE': 1e-09, 'E_CONVERGENCE': 1e-10, 'SAPT__E_CONVERGENCE': 1e-09, 'FREEZE_CORE': '1', 'INTS_TOLERANCE': 1e-18, 'SCF__INTS_TOLERANCE': 1e-18, 'SAPT__SAPT_LEVEL': 'SAPT2', 'function_kwargs': {}}
2024-02-27:19:26:42,594 INFO     [psi4.driver.driver:524] Compute energy(): method=sapt2, basis=aug-cc-pvtz, molecule=default, nre=1304.3038384384613
2024-02-27:20:00:44,326 INFO     [psi4.driver.driver:527] Return energy(): -0.07776721056997143
2024-02-27:20:00:55,498 INFO     [psi4.driver.task_planner:283] PLANNING Atomic:  keywords={'CC_NUM_THREADS': 12, 'DF_INTS_IO': 'NONE', 'D_CONVERGENCE': 1e-10, 'SAPT__D_CONVERGENCE': 1e-09, 'E_CONVERGENCE': 1e-10, 'SAPT__E_CONVERGENCE': 1e-09, 'FREEZE_CORE': '1', 'INTS_TOLERANCE': 1e-18, 'SCF__INTS_TOLERANCE': 1e-18, 'SAPT__SAPT_LEVEL': 'SAPT2', 'function_kwargs': {}}
2024-02-27:20:00:55,500 INFO     [psi4.driver.driver:524] Compute energy(): method=sapt2, basis=aug-cc-pvtz, molecule=default, nre=1302.9533103816505
2024-02-27:20:34:58,923 INFO     [psi4.driver.driver:527] Return energy(): -0.07622851939186238
2024-02-27:20:35:10,100 INFO     [psi4.driver.task_planner:283] PLANNING Atomic:  keywords={'CC_NUM_THREADS': 12, 'DF_INTS_IO': 'NONE', 'D_CONVERGENCE': 1e-10, 'SAPT__D_CONVERGENCE': 1e-09, 'E_CONVERGENCE': 1e-10, 'SAPT__E_CONVERGENCE': 1e-09, 'FREEZE_CORE': '1', 'INTS_TOLERANCE': 1e-18, 'SCF__INTS_TOLERANCE': 1e-18, 'SAPT__SAPT_LEVEL': 'SAPT2', 'function_kwargs': {}}
2024-02-27:20:35:10,101 INFO     [psi4.driver.driver:524] Compute energy(): method=sapt2, basis=aug-cc-pvtz, molecule=default, nre=1304.9220673809689
2024-02-27:21:09:10,827 INFO     [psi4.driver.driver:527] Return energy(): -0.07650756596153373
2024-02-27:21:09:22,3 INFO     [psi4.driver.task_planner:283] PLANNING Atomic:  keywords={'CC_NUM_THREADS': 12, 'DF_INTS_IO': 'NONE', 'D_CONVERGENCE': 1e-10, 'SAPT__D_CONVERGENCE': 1e-09, 'E_CONVERGENCE': 1e-10, 'SAPT__E_CONVERGENCE': 1e-09, 'FREEZE_CORE': '1', 'INTS_TOLERANCE': 1e-18, 'SCF__INTS_TOLERANCE': 1e-18, 'SAPT__SAPT_LEVEL': 'SAPT2', 'function_kwargs': {}}
2024-02-27:21:09:22,5 INFO     [psi4.driver.driver:524] Compute energy(): method=sapt2, basis=aug-cc-pvtz, molecule=default, nre=1305.8647578094103
2024-02-27:21:43:21,790 INFO     [psi4.driver.driver:527] Return energy(): -0.07749968920272404
2024-02-27:21:43:32,987 INFO     [psi4.driver.task_planner:283] PLANNING Atomic:  keywords={'CC_NUM_THREADS': 12, 'DF_INTS_IO': 'NONE', 'D_CONVERGENCE': 1e-10, 'SAPT__D_CONVERGENCE': 1e-09, 'E_CONVERGENCE': 1e-10, 'SAPT__E_CONVERGENCE': 1e-09, 'FREEZE_CORE': '1', 'INTS_TOLERANCE': 1e-18, 'SCF__INTS_TOLERANCE': 1e-18, 'SAPT__SAPT_LEVEL': 'SAPT2', 'function_kwargs': {}}
2024-02-27:21:43:32,989 INFO     [psi4.driver.driver:524] Compute energy(): method=sapt2, basis=aug-cc-pvtz, molecule=default, nre=1305.8727048554526
2024-02-27:22:17:30,848 INFO     [psi4.driver.driver:527] Return energy(): -0.07759158194612926
2024-02-27:22:17:42,16 INFO     [psi4.driver.task_planner:283] PLANNING Atomic:  keywords={'CC_NUM_THREADS': 12, 'DF_INTS_IO': 'NONE', 'D_CONVERGENCE': 1e-10, 'SAPT__D_CONVERGENCE': 1e-09, 'E_CONVERGENCE': 1e-10, 'SAPT__E_CONVERGENCE': 1e-09, 'FREEZE_CORE': '1', 'INTS_TOLERANCE': 1e-18, 'SCF__INTS_TOLERANCE': 1e-18, 'SAPT__SAPT_LEVEL': 'SAPT2', 'function_kwargs': {}}
2024-02-27:22:17:42,18 INFO     [psi4.driver.driver:524] Compute energy(): method=sapt2, basis=aug-cc-pvtz, molecule=default, nre=1304.964660996937
2024-02-27:22:51:39,561 INFO     [psi4.driver.driver:527] Return energy(): -0.07666890235683577
2024-02-27:22:51:50,748 INFO     [psi4.driver.task_planner:283] PLANNING Atomic:  keywords={'CC_NUM_THREADS': 12, 'DF_INTS_IO': 'NONE', 'D_CONVERGENCE': 1e-10, 'SAPT__D_CONVERGENCE': 1e-09, 'E_CONVERGENCE': 1e-10, 'SAPT__E_CONVERGENCE': 1e-09, 'FREEZE_CORE': '1', 'INTS_TOLERANCE': 1e-18, 'SCF__INTS_TOLERANCE': 1e-18, 'SAPT__SAPT_LEVEL': 'SAPT2', 'function_kwargs': {}}
2024-02-27:22:51:50,750 INFO     [psi4.driver.driver:524] Compute energy(): method=sapt2, basis=aug-cc-pvtz, molecule=default, nre=1263.9922464201336
2024-02-27:23:25:33,981 INFO     [psi4.driver.driver:527] Return energy(): -0.07177375805006178
2024-02-27:23:25:45,143 INFO     [psi4.driver.task_planner:283] PLANNING Atomic:  keywords={'CC_NUM_THREADS': 12, 'DF_INTS_IO': 'NONE', 'D_CONVERGENCE': 1e-10, 'SAPT__D_CONVERGENCE': 1e-09, 'E_CONVERGENCE': 1e-10, 'SAPT__E_CONVERGENCE': 1e-09, 'FREEZE_CORE': '1', 'INTS_TOLERANCE': 1e-18, 'SCF__INTS_TOLERANCE': 1e-18, 'SAPT__SAPT_LEVEL': 'SAPT2', 'function_kwargs': {}}
2024-02-27:23:25:45,145 INFO     [psi4.driver.driver:524] Compute energy(): method=sapt2, basis=aug-cc-pvtz, molecule=default, nre=1263.7667832836191
2024-02-27:23:59:29,807 INFO     [psi4.driver.driver:527] Return energy(): -0.07151248014030717
2024-02-27:23:59:40,959 INFO     [psi4.driver.task_planner:283] PLANNING Atomic:  keywords={'CC_NUM_THREADS': 12, 'DF_INTS_IO': 'NONE', 'D_CONVERGENCE': 1e-10, 'SAPT__D_CONVERGENCE': 1e-09, 'E_CONVERGENCE': 1e-10, 'SAPT__E_CONVERGENCE': 1e-09, 'FREEZE_CORE': '1', 'INTS_TOLERANCE': 1e-18, 'SCF__INTS_TOLERANCE': 1e-18, 'SAPT__SAPT_LEVEL': 'SAPT2', 'function_kwargs': {}}
2024-02-27:23:59:40,960 INFO     [psi4.driver.driver:524] Compute energy(): method=sapt2, basis=aug-cc-pvtz, molecule=default, nre=1263.460048408226
2024-02-28:00:33:24,238 INFO     [psi4.driver.driver:527] Return energy(): -0.07095514757715982
2024-02-28:00:33:35,365 INFO     [psi4.driver.task_planner:283] PLANNING Atomic:  keywords={'CC_NUM_THREADS': 12, 'DF_INTS_IO': 'NONE', 'D_CONVERGENCE': 1e-10, 'SAPT__D_CONVERGENCE': 1e-09, 'E_CONVERGENCE': 1e-10, 'SAPT__E_CONVERGENCE': 1e-09, 'FREEZE_CORE': '1', 'INTS_TOLERANCE': 1e-18, 'SCF__INTS_TOLERANCE': 1e-18, 'SAPT__SAPT_LEVEL': 'SAPT2', 'function_kwargs': {}}
2024-02-28:00:33:35,366 INFO     [psi4.driver.driver:524] Compute energy(): method=sapt2, basis=aug-cc-pvtz, molecule=default, nre=1263.944201487244
2024-02-28:01:07:14,539 INFO     [psi4.driver.driver:527] Return energy(): -0.07153944261744517
2024-02-28:01:07:25,658 INFO     [psi4.driver.task_planner:283] PLANNING Atomic:  keywords={'CC_NUM_THREADS': 12, 'DF_INTS_IO': 'NONE', 'D_CONVERGENCE': 1e-10, 'SAPT__D_CONVERGENCE': 1e-09, 'E_CONVERGENCE': 1e-10, 'SAPT__E_CONVERGENCE': 1e-09, 'FREEZE_CORE': '1', 'INTS_TOLERANCE': 1e-18, 'SCF__INTS_TOLERANCE': 1e-18, 'SAPT__SAPT_LEVEL': 'SAPT2', 'function_kwargs': {}}
2024-02-28:01:07:25,660 INFO     [psi4.driver.driver:524] Compute energy(): method=sapt2, basis=aug-cc-pvtz, molecule=default, nre=1263.110169023527
2024-02-28:01:41:08,637 INFO     [psi4.driver.driver:527] Return energy(): -0.06391585314795206
2024-02-28:01:41:19,765 INFO     [psi4.driver.task_planner:283] PLANNING Atomic:  keywords={'CC_NUM_THREADS': 12, 'DF_INTS_IO': 'NONE', 'D_CONVERGENCE': 1e-10, 'SAPT__D_CONVERGENCE': 1e-09, 'E_CONVERGENCE': 1e-10, 'SAPT__E_CONVERGENCE': 1e-09, 'FREEZE_CORE': '1', 'INTS_TOLERANCE': 1e-18, 'SCF__INTS_TOLERANCE': 1e-18, 'SAPT__SAPT_LEVEL': 'SAPT2', 'function_kwargs': {}}
2024-02-28:01:41:19,767 INFO     [psi4.driver.driver:524] Compute energy(): method=sapt2, basis=aug-cc-pvtz, molecule=default, nre=1262.571286777805
2024-02-28:02:14:59,751 INFO     [psi4.driver.driver:527] Return energy(): -0.06344561112002593
2024-02-28:02:15:10,859 INFO     [psi4.driver.task_planner:283] PLANNING Atomic:  keywords={'CC_NUM_THREADS': 12, 'DF_INTS_IO': 'NONE', 'D_CONVERGENCE': 1e-10, 'SAPT__D_CONVERGENCE': 1e-09, 'E_CONVERGENCE': 1e-10, 'SAPT__E_CONVERGENCE': 1e-09, 'FREEZE_CORE': '1', 'INTS_TOLERANCE': 1e-18, 'SCF__INTS_TOLERANCE': 1e-18, 'SAPT__SAPT_LEVEL': 'SAPT2', 'function_kwargs': {}}
2024-02-28:02:15:10,861 INFO     [psi4.driver.driver:524] Compute energy(): method=sapt2, basis=aug-cc-pvtz, molecule=default, nre=1262.8380970514627
2024-02-28:02:48:55,251 INFO     [psi4.driver.driver:527] Return energy(): -0.06387319503972973
2024-02-28:02:49:06,362 INFO     [psi4.driver.task_planner:283] PLANNING Atomic:  keywords={'CC_NUM_THREADS': 12, 'DF_INTS_IO': 'NONE', 'D_CONVERGENCE': 1e-10, 'SAPT__D_CONVERGENCE': 1e-09, 'E_CONVERGENCE': 1e-10, 'SAPT__E_CONVERGENCE': 1e-09, 'FREEZE_CORE': '1', 'INTS_TOLERANCE': 1e-18, 'SCF__INTS_TOLERANCE': 1e-18, 'SAPT__SAPT_LEVEL': 'SAPT2', 'function_kwargs': {}}
2024-02-28:02:49:06,364 INFO     [psi4.driver.driver:524] Compute energy(): method=sapt2, basis=aug-cc-pvtz, molecule=default, nre=1263.1697385476955
2024-02-28:03:22:47,757 INFO     [psi4.driver.driver:527] Return energy(): -0.064178902223047
2024-02-28:03:22:58,891 INFO     [psi4.driver.task_planner:283] PLANNING Atomic:  keywords={'CC_NUM_THREADS': 12, 'DF_INTS_IO': 'NONE', 'D_CONVERGENCE': 1e-10, 'SAPT__D_CONVERGENCE': 1e-09, 'E_CONVERGENCE': 1e-10, 'SAPT__E_CONVERGENCE': 1e-09, 'FREEZE_CORE': '1', 'INTS_TOLERANCE': 1e-18, 'SCF__INTS_TOLERANCE': 1e-18, 'SAPT__SAPT_LEVEL': 'SAPT2', 'function_kwargs': {}}
2024-02-28:03:22:58,892 INFO     [psi4.driver.driver:524] Compute energy(): method=sapt2, basis=aug-cc-pvtz, molecule=default, nre=1263.7448446522496
2024-02-28:03:56:46,792 INFO     [psi4.driver.driver:527] Return energy(): -0.06481976981327597
2024-02-28:03:56:57,910 INFO     [psi4.driver.task_planner:283] PLANNING Atomic:  keywords={'CC_NUM_THREADS': 12, 'DF_INTS_IO': 'NONE', 'D_CONVERGENCE': 1e-10, 'SAPT__D_CONVERGENCE': 1e-09, 'E_CONVERGENCE': 1e-10, 'SAPT__E_CONVERGENCE': 1e-09, 'FREEZE_CORE': '1', 'INTS_TOLERANCE': 1e-18, 'SCF__INTS_TOLERANCE': 1e-18, 'SAPT__SAPT_LEVEL': 'SAPT2', 'function_kwargs': {}}
2024-02-28:03:56:57,911 INFO     [psi4.driver.driver:524] Compute energy(): method=sapt2, basis=aug-cc-pvtz, molecule=default, nre=1264.1774610028497
2024-02-28:04:30:38,163 INFO     [psi4.driver.driver:527] Return energy(): -0.0652061806426446
2024-02-28:04:30:49,290 INFO     [psi4.driver.task_planner:283] PLANNING Atomic:  keywords={'CC_NUM_THREADS': 12, 'DF_INTS_IO': 'NONE', 'D_CONVERGENCE': 1e-10, 'SAPT__D_CONVERGENCE': 1e-09, 'E_CONVERGENCE': 1e-10, 'SAPT__E_CONVERGENCE': 1e-09, 'FREEZE_CORE': '1', 'INTS_TOLERANCE': 1e-18, 'SCF__INTS_TOLERANCE': 1e-18, 'SAPT__SAPT_LEVEL': 'SAPT2', 'function_kwargs': {}}
2024-02-28:04:30:49,292 INFO     [psi4.driver.driver:524] Compute energy(): method=sapt2, basis=aug-cc-pvtz, molecule=default, nre=1264.1619220986668
2024-02-28:05:04:34,858 INFO     [psi4.driver.driver:527] Return energy(): -0.06534503633025848
2024-02-28:05:04:45,978 INFO     [psi4.driver.task_planner:283] PLANNING Atomic:  keywords={'CC_NUM_THREADS': 12, 'DF_INTS_IO': 'NONE', 'D_CONVERGENCE': 1e-10, 'SAPT__D_CONVERGENCE': 1e-09, 'E_CONVERGENCE': 1e-10, 'SAPT__E_CONVERGENCE': 1e-09, 'FREEZE_CORE': '1', 'INTS_TOLERANCE': 1e-18, 'SCF__INTS_TOLERANCE': 1e-18, 'SAPT__SAPT_LEVEL': 'SAPT2', 'function_kwargs': {}}
2024-02-28:05:04:45,980 INFO     [psi4.driver.driver:524] Compute energy(): method=sapt2, basis=aug-cc-pvtz, molecule=default, nre=1264.0224204953224
2024-02-28:05:38:35,427 INFO     [psi4.driver.driver:527] Return energy(): -0.06520727516988185
2024-02-28:05:38:46,537 INFO     [psi4.driver.task_planner:283] PLANNING Atomic:  keywords={'CC_NUM_THREADS': 12, 'DF_INTS_IO': 'NONE', 'D_CONVERGENCE': 1e-10, 'SAPT__D_CONVERGENCE': 1e-09, 'E_CONVERGENCE': 1e-10, 'SAPT__E_CONVERGENCE': 1e-09, 'FREEZE_CORE': '1', 'INTS_TOLERANCE': 1e-18, 'SCF__INTS_TOLERANCE': 1e-18, 'SAPT__SAPT_LEVEL': 'SAPT2', 'function_kwargs': {}}
2024-02-28:05:38:46,539 INFO     [psi4.driver.driver:524] Compute energy(): method=sapt2, basis=aug-cc-pvtz, molecule=default, nre=1263.121480887851
2024-02-28:06:12:31,770 INFO     [psi4.driver.driver:527] Return energy(): -0.06873913137744947
2024-02-28:06:12:42,908 INFO     [psi4.driver.task_planner:283] PLANNING Atomic:  keywords={'CC_NUM_THREADS': 12, 'DF_INTS_IO': 'NONE', 'D_CONVERGENCE': 1e-10, 'SAPT__D_CONVERGENCE': 1e-09, 'E_CONVERGENCE': 1e-10, 'SAPT__E_CONVERGENCE': 1e-09, 'FREEZE_CORE': '1', 'INTS_TOLERANCE': 1e-18, 'SCF__INTS_TOLERANCE': 1e-18, 'SAPT__SAPT_LEVEL': 'SAPT2', 'function_kwargs': {}}
2024-02-28:06:12:42,910 INFO     [psi4.driver.driver:524] Compute energy(): method=sapt2, basis=aug-cc-pvtz, molecule=default, nre=1262.7230534093246
2024-02-28:06:46:25,475 INFO     [psi4.driver.driver:527] Return energy(): -0.06828576059178607
2024-02-28:06:46:36,621 INFO     [psi4.driver.task_planner:283] PLANNING Atomic:  keywords={'CC_NUM_THREADS': 12, 'DF_INTS_IO': 'NONE', 'D_CONVERGENCE': 1e-10, 'SAPT__D_CONVERGENCE': 1e-09, 'E_CONVERGENCE': 1e-10, 'SAPT__E_CONVERGENCE': 1e-09, 'FREEZE_CORE': '1', 'INTS_TOLERANCE': 1e-18, 'SCF__INTS_TOLERANCE': 1e-18, 'SAPT__SAPT_LEVEL': 'SAPT2', 'function_kwargs': {}}
2024-02-28:06:46:36,622 INFO     [psi4.driver.driver:524] Compute energy(): method=sapt2, basis=aug-cc-pvtz, molecule=default, nre=1262.5716150628675
2024-02-28:07:20:23,967 INFO     [psi4.driver.driver:527] Return energy(): -0.06811251277213752
2024-02-28:07:20:35,94 INFO     [psi4.driver.task_planner:283] PLANNING Atomic:  keywords={'CC_NUM_THREADS': 12, 'DF_INTS_IO': 'NONE', 'D_CONVERGENCE': 1e-10, 'SAPT__D_CONVERGENCE': 1e-09, 'E_CONVERGENCE': 1e-10, 'SAPT__E_CONVERGENCE': 1e-09, 'FREEZE_CORE': '1', 'INTS_TOLERANCE': 1e-18, 'SCF__INTS_TOLERANCE': 1e-18, 'SAPT__SAPT_LEVEL': 'SAPT2', 'function_kwargs': {}}
2024-02-28:07:20:35,96 INFO     [psi4.driver.driver:524] Compute energy(): method=sapt2, basis=aug-cc-pvtz, molecule=default, nre=1263.140435327468
2024-02-28:07:54:19,515 INFO     [psi4.driver.driver:527] Return energy(): -0.0686925770986888
2024-02-28:07:54:30,663 INFO     [psi4.driver.task_planner:283] PLANNING Atomic:  keywords={'CC_NUM_THREADS': 12, 'DF_INTS_IO': 'NONE', 'D_CONVERGENCE': 1e-10, 'SAPT__D_CONVERGENCE': 1e-09, 'E_CONVERGENCE': 1e-10, 'SAPT__E_CONVERGENCE': 1e-09, 'FREEZE_CORE': '1', 'INTS_TOLERANCE': 1e-18, 'SCF__INTS_TOLERANCE': 1e-18, 'SAPT__SAPT_LEVEL': 'SAPT2', 'function_kwargs': {}}
2024-02-28:07:54:30,665 INFO     [psi4.driver.driver:524] Compute energy(): method=sapt2, basis=aug-cc-pvtz, molecule=default, nre=1264.306178404536
2024-02-28:08:28:18,736 INFO     [psi4.driver.driver:527] Return energy(): -0.07348307409808773
2024-02-28:08:28:29,878 INFO     [psi4.driver.task_planner:283] PLANNING Atomic:  keywords={'CC_NUM_THREADS': 12, 'DF_INTS_IO': 'NONE', 'D_CONVERGENCE': 1e-10, 'SAPT__D_CONVERGENCE': 1e-09, 'E_CONVERGENCE': 1e-10, 'SAPT__E_CONVERGENCE': 1e-09, 'FREEZE_CORE': '1', 'INTS_TOLERANCE': 1e-18, 'SCF__INTS_TOLERANCE': 1e-18, 'SAPT__SAPT_LEVEL': 'SAPT2', 'function_kwargs': {}}
2024-02-28:08:28:29,880 INFO     [psi4.driver.driver:524] Compute energy(): method=sapt2, basis=aug-cc-pvtz, molecule=default, nre=1263.9845879105212
2024-02-28:09:02:10,764 INFO     [psi4.driver.driver:527] Return energy(): -0.07306284072382016
2024-02-28:09:02:21,900 INFO     [psi4.driver.task_planner:283] PLANNING Atomic:  keywords={'CC_NUM_THREADS': 12, 'DF_INTS_IO': 'NONE', 'D_CONVERGENCE': 1e-10, 'SAPT__D_CONVERGENCE': 1e-09, 'E_CONVERGENCE': 1e-10, 'SAPT__E_CONVERGENCE': 1e-09, 'FREEZE_CORE': '1', 'INTS_TOLERANCE': 1e-18, 'SCF__INTS_TOLERANCE': 1e-18, 'SAPT__SAPT_LEVEL': 'SAPT2', 'function_kwargs': {}}
2024-02-28:09:02:21,902 INFO     [psi4.driver.driver:524] Compute energy(): method=sapt2, basis=aug-cc-pvtz, molecule=default, nre=1263.7555716890402
2024-02-28:09:36:10,70 INFO     [psi4.driver.driver:527] Return energy(): -0.07249183176547419
2024-02-28:09:36:21,197 INFO     [psi4.driver.task_planner:283] PLANNING Atomic:  keywords={'CC_NUM_THREADS': 12, 'DF_INTS_IO': 'NONE', 'D_CONVERGENCE': 1e-10, 'SAPT__D_CONVERGENCE': 1e-09, 'E_CONVERGENCE': 1e-10, 'SAPT__E_CONVERGENCE': 1e-09, 'FREEZE_CORE': '1', 'INTS_TOLERANCE': 1e-18, 'SCF__INTS_TOLERANCE': 1e-18, 'SAPT__SAPT_LEVEL': 'SAPT2', 'function_kwargs': {}}
2024-02-28:09:36:21,199 INFO     [psi4.driver.driver:524] Compute energy(): method=sapt2, basis=aug-cc-pvtz, molecule=default, nre=1264.1207167105483
2024-02-28:10:10:04,254 INFO     [psi4.driver.driver:527] Return energy(): -0.07297831354100218
2024-02-28:10:10:15,395 INFO     [psi4.driver.task_planner:283] PLANNING Atomic:  keywords={'CC_NUM_THREADS': 12, 'DF_INTS_IO': 'NONE', 'D_CONVERGENCE': 1e-10, 'SAPT__D_CONVERGENCE': 1e-09, 'E_CONVERGENCE': 1e-10, 'SAPT__E_CONVERGENCE': 1e-09, 'FREEZE_CORE': '1', 'INTS_TOLERANCE': 1e-18, 'SCF__INTS_TOLERANCE': 1e-18, 'SAPT__SAPT_LEVEL': 'SAPT2', 'function_kwargs': {}}
2024-02-28:10:10:15,397 INFO     [psi4.driver.driver:524] Compute energy(): method=sapt2, basis=aug-cc-pvtz, molecule=default, nre=1231.2712494171094
2024-02-28:10:43:28,963 INFO     [psi4.driver.driver:527] Return energy(): -0.056381413647886215
2024-02-28:10:43:40,43 INFO     [psi4.driver.task_planner:283] PLANNING Atomic:  keywords={'CC_NUM_THREADS': 12, 'DF_INTS_IO': 'NONE', 'D_CONVERGENCE': 1e-10, 'SAPT__D_CONVERGENCE': 1e-09, 'E_CONVERGENCE': 1e-10, 'SAPT__E_CONVERGENCE': 1e-09, 'FREEZE_CORE': '1', 'INTS_TOLERANCE': 1e-18, 'SCF__INTS_TOLERANCE': 1e-18, 'SAPT__SAPT_LEVEL': 'SAPT2', 'function_kwargs': {}}
2024-02-28:10:43:40,45 INFO     [psi4.driver.driver:524] Compute energy(): method=sapt2, basis=aug-cc-pvtz, molecule=default, nre=1230.991200469255
2024-02-28:11:16:52,380 INFO     [psi4.driver.driver:527] Return energy(): -0.05614957641554995
2024-02-28:11:17:03,441 INFO     [psi4.driver.task_planner:283] PLANNING Atomic:  keywords={'CC_NUM_THREADS': 12, 'DF_INTS_IO': 'NONE', 'D_CONVERGENCE': 1e-10, 'SAPT__D_CONVERGENCE': 1e-09, 'E_CONVERGENCE': 1e-10, 'SAPT__E_CONVERGENCE': 1e-09, 'FREEZE_CORE': '1', 'INTS_TOLERANCE': 1e-18, 'SCF__INTS_TOLERANCE': 1e-18, 'SAPT__SAPT_LEVEL': 'SAPT2', 'function_kwargs': {}}
2024-02-28:11:17:03,443 INFO     [psi4.driver.driver:524] Compute energy(): method=sapt2, basis=aug-cc-pvtz, molecule=default, nre=1231.2020777064497
2024-02-28:11:50:19,999 INFO     [psi4.driver.driver:527] Return energy(): -0.05648141722005522
2024-02-28:11:50:31,70 INFO     [psi4.driver.task_planner:283] PLANNING Atomic:  keywords={'CC_NUM_THREADS': 12, 'DF_INTS_IO': 'NONE', 'D_CONVERGENCE': 1e-10, 'SAPT__D_CONVERGENCE': 1e-09, 'E_CONVERGENCE': 1e-10, 'SAPT__E_CONVERGENCE': 1e-09, 'FREEZE_CORE': '1', 'INTS_TOLERANCE': 1e-18, 'SCF__INTS_TOLERANCE': 1e-18, 'SAPT__SAPT_LEVEL': 'SAPT2', 'function_kwargs': {}}
2024-02-28:11:50:31,72 INFO     [psi4.driver.driver:524] Compute energy(): method=sapt2, basis=aug-cc-pvtz, molecule=default, nre=1231.3679798823935
2024-02-28:12:23:52,508 INFO     [psi4.driver.driver:527] Return energy(): -0.056640214614063746
2024-02-28:12:24:03,580 INFO     [psi4.driver.task_planner:283] PLANNING Atomic:  keywords={'CC_NUM_THREADS': 12, 'DF_INTS_IO': 'NONE', 'D_CONVERGENCE': 1e-10, 'SAPT__D_CONVERGENCE': 1e-09, 'E_CONVERGENCE': 1e-10, 'SAPT__E_CONVERGENCE': 1e-09, 'FREEZE_CORE': '1', 'INTS_TOLERANCE': 1e-18, 'SCF__INTS_TOLERANCE': 1e-18, 'SAPT__SAPT_LEVEL': 'SAPT2', 'function_kwargs': {}}
2024-02-28:12:24:03,582 INFO     [psi4.driver.driver:524] Compute energy(): method=sapt2, basis=aug-cc-pvtz, molecule=default, nre=1232.4208944223246
2024-02-28:13:01:41,784 INFO     [psi4.driver.driver:527] Return energy(): -0.06298006787917283
2024-02-28:13:01:52,867 INFO     [psi4.driver.task_planner:283] PLANNING Atomic:  keywords={'CC_NUM_THREADS': 12, 'DF_INTS_IO': 'NONE', 'D_CONVERGENCE': 1e-10, 'SAPT__D_CONVERGENCE': 1e-09, 'E_CONVERGENCE': 1e-10, 'SAPT__E_CONVERGENCE': 1e-09, 'FREEZE_CORE': '1', 'INTS_TOLERANCE': 1e-18, 'SCF__INTS_TOLERANCE': 1e-18, 'SAPT__SAPT_LEVEL': 'SAPT2', 'function_kwargs': {}}
2024-02-28:13:01:52,868 INFO     [psi4.driver.driver:524] Compute energy(): method=sapt2, basis=aug-cc-pvtz, molecule=default, nre=1231.7310620144112
2024-02-28:13:35:30,233 INFO     [psi4.driver.driver:527] Return energy(): -0.06217844894597127
2024-02-28:13:35:41,320 INFO     [psi4.driver.task_planner:283] PLANNING Atomic:  keywords={'CC_NUM_THREADS': 12, 'DF_INTS_IO': 'NONE', 'D_CONVERGENCE': 1e-10, 'SAPT__D_CONVERGENCE': 1e-09, 'E_CONVERGENCE': 1e-10, 'SAPT__E_CONVERGENCE': 1e-09, 'FREEZE_CORE': '1', 'INTS_TOLERANCE': 1e-18, 'SCF__INTS_TOLERANCE': 1e-18, 'SAPT__SAPT_LEVEL': 'SAPT2', 'function_kwargs': {}}
2024-02-28:13:35:41,322 INFO     [psi4.driver.driver:524] Compute energy(): method=sapt2, basis=aug-cc-pvtz, molecule=default, nre=1231.768733791674
2024-02-28:14:09:17,500 INFO     [psi4.driver.driver:527] Return energy(): -0.062049212642888485
2024-02-28:14:09:28,579 INFO     [psi4.driver.task_planner:283] PLANNING Atomic:  keywords={'CC_NUM_THREADS': 12, 'DF_INTS_IO': 'NONE', 'D_CONVERGENCE': 1e-10, 'SAPT__D_CONVERGENCE': 1e-09, 'E_CONVERGENCE': 1e-10, 'SAPT__E_CONVERGENCE': 1e-09, 'FREEZE_CORE': '1', 'INTS_TOLERANCE': 1e-18, 'SCF__INTS_TOLERANCE': 1e-18, 'SAPT__SAPT_LEVEL': 'SAPT2', 'function_kwargs': {}}
2024-02-28:14:09:28,581 INFO     [psi4.driver.driver:524] Compute energy(): method=sapt2, basis=aug-cc-pvtz, molecule=default, nre=1232.1959616074723
2024-02-28:14:43:04,870 INFO     [psi4.driver.driver:527] Return energy(): -0.06259188897771673
2024-02-28:14:43:15,951 INFO     [psi4.driver.task_planner:283] PLANNING Atomic:  keywords={'CC_NUM_THREADS': 12, 'DF_INTS_IO': 'NONE', 'D_CONVERGENCE': 1e-10, 'SAPT__D_CONVERGENCE': 1e-09, 'E_CONVERGENCE': 1e-10, 'SAPT__E_CONVERGENCE': 1e-09, 'FREEZE_CORE': '1', 'INTS_TOLERANCE': 1e-18, 'SCF__INTS_TOLERANCE': 1e-18, 'SAPT__SAPT_LEVEL': 'SAPT2', 'function_kwargs': {}}
2024-02-28:14:43:15,953 INFO     [psi4.driver.driver:524] Compute energy(): method=sapt2, basis=aug-cc-pvtz, molecule=default, nre=1231.3604109344417
2024-02-28:15:16:27,690 INFO     [psi4.driver.driver:527] Return energy(): -0.058072443853769605
2024-02-28:15:16:38,768 INFO     [psi4.driver.task_planner:283] PLANNING Atomic:  keywords={'CC_NUM_THREADS': 12, 'DF_INTS_IO': 'NONE', 'D_CONVERGENCE': 1e-10, 'SAPT__D_CONVERGENCE': 1e-09, 'E_CONVERGENCE': 1e-10, 'SAPT__E_CONVERGENCE': 1e-09, 'FREEZE_CORE': '1', 'INTS_TOLERANCE': 1e-18, 'SCF__INTS_TOLERANCE': 1e-18, 'SAPT__SAPT_LEVEL': 'SAPT2', 'function_kwargs': {}}
2024-02-28:15:16:38,769 INFO     [psi4.driver.driver:524] Compute energy(): method=sapt2, basis=aug-cc-pvtz, molecule=default, nre=1231.2234795517068
2024-02-28:15:49:50,282 INFO     [psi4.driver.driver:527] Return energy(): -0.05795038275301114
2024-02-28:15:50:01,355 INFO     [psi4.driver.task_planner:283] PLANNING Atomic:  keywords={'CC_NUM_THREADS': 12, 'DF_INTS_IO': 'NONE', 'D_CONVERGENCE': 1e-10, 'SAPT__D_CONVERGENCE': 1e-09, 'E_CONVERGENCE': 1e-10, 'SAPT__E_CONVERGENCE': 1e-09, 'FREEZE_CORE': '1', 'INTS_TOLERANCE': 1e-18, 'SCF__INTS_TOLERANCE': 1e-18, 'SAPT__SAPT_LEVEL': 'SAPT2', 'function_kwargs': {}}
2024-02-28:15:50:01,357 INFO     [psi4.driver.driver:524] Compute energy(): method=sapt2, basis=aug-cc-pvtz, molecule=default, nre=1231.3304057263997
2024-02-28:16:23:14,671 INFO     [psi4.driver.driver:527] Return energy(): -0.05813227529538743
2024-02-28:16:23:25,741 INFO     [psi4.driver.task_planner:283] PLANNING Atomic:  keywords={'CC_NUM_THREADS': 12, 'DF_INTS_IO': 'NONE', 'D_CONVERGENCE': 1e-10, 'SAPT__D_CONVERGENCE': 1e-09, 'E_CONVERGENCE': 1e-10, 'SAPT__E_CONVERGENCE': 1e-09, 'FREEZE_CORE': '1', 'INTS_TOLERANCE': 1e-18, 'SCF__INTS_TOLERANCE': 1e-18, 'SAPT__SAPT_LEVEL': 'SAPT2', 'function_kwargs': {}}
2024-02-28:16:23:25,742 INFO     [psi4.driver.driver:524] Compute energy(): method=sapt2, basis=aug-cc-pvtz, molecule=default, nre=1231.40040121546
2024-02-28:16:56:41,192 INFO     [psi4.driver.driver:527] Return energy(): -0.058198971736573867
2024-02-28:16:56:52,270 INFO     [psi4.driver.task_planner:283] PLANNING Atomic:  keywords={'CC_NUM_THREADS': 12, 'DF_INTS_IO': 'NONE', 'D_CONVERGENCE': 1e-10, 'SAPT__D_CONVERGENCE': 1e-09, 'E_CONVERGENCE': 1e-10, 'SAPT__E_CONVERGENCE': 1e-09, 'FREEZE_CORE': '1', 'INTS_TOLERANCE': 1e-18, 'SCF__INTS_TOLERANCE': 1e-18, 'SAPT__SAPT_LEVEL': 'SAPT2', 'function_kwargs': {}}
2024-02-28:16:56:52,272 INFO     [psi4.driver.driver:524] Compute energy(): method=sapt2, basis=aug-cc-pvtz, molecule=default, nre=1231.27499231222
2024-02-28:17:30:28,800 INFO     [psi4.driver.driver:527] Return energy(): -0.056911320941935885
2024-02-28:17:30:39,877 INFO     [psi4.driver.task_planner:283] PLANNING Atomic:  keywords={'CC_NUM_THREADS': 12, 'DF_INTS_IO': 'NONE', 'D_CONVERGENCE': 1e-10, 'SAPT__D_CONVERGENCE': 1e-09, 'E_CONVERGENCE': 1e-10, 'SAPT__E_CONVERGENCE': 1e-09, 'FREEZE_CORE': '1', 'INTS_TOLERANCE': 1e-18, 'SCF__INTS_TOLERANCE': 1e-18, 'SAPT__SAPT_LEVEL': 'SAPT2', 'function_kwargs': {}}
2024-02-28:17:30:39,879 INFO     [psi4.driver.driver:524] Compute energy(): method=sapt2, basis=aug-cc-pvtz, molecule=default, nre=1230.8631462132867
2024-02-28:18:04:17,815 INFO     [psi4.driver.driver:527] Return energy(): -0.05655212048337442
2024-02-28:18:04:28,887 INFO     [psi4.driver.task_planner:283] PLANNING Atomic:  keywords={'CC_NUM_THREADS': 12, 'DF_INTS_IO': 'NONE', 'D_CONVERGENCE': 1e-10, 'SAPT__D_CONVERGENCE': 1e-09, 'E_CONVERGENCE': 1e-10, 'SAPT__E_CONVERGENCE': 1e-09, 'FREEZE_CORE': '1', 'INTS_TOLERANCE': 1e-18, 'SCF__INTS_TOLERANCE': 1e-18, 'SAPT__SAPT_LEVEL': 'SAPT2', 'function_kwargs': {}}
2024-02-28:18:04:28,888 INFO     [psi4.driver.driver:524] Compute energy(): method=sapt2, basis=aug-cc-pvtz, molecule=default, nre=1231.0402099649252
2024-02-28:18:38:07,700 INFO     [psi4.driver.driver:527] Return energy(): -0.05684690128198833
2024-02-28:18:38:18,770 INFO     [psi4.driver.task_planner:283] PLANNING Atomic:  keywords={'CC_NUM_THREADS': 12, 'DF_INTS_IO': 'NONE', 'D_CONVERGENCE': 1e-10, 'SAPT__D_CONVERGENCE': 1e-09, 'E_CONVERGENCE': 1e-10, 'SAPT__E_CONVERGENCE': 1e-09, 'FREEZE_CORE': '1', 'INTS_TOLERANCE': 1e-18, 'SCF__INTS_TOLERANCE': 1e-18, 'SAPT__SAPT_LEVEL': 'SAPT2', 'function_kwargs': {}}
2024-02-28:18:38:18,771 INFO     [psi4.driver.driver:524] Compute energy(): method=sapt2, basis=aug-cc-pvtz, molecule=default, nre=1231.3399303646074
2024-02-28:19:12:01,245 INFO     [psi4.driver.driver:527] Return energy(): -0.05712668394932906
2024-02-28:19:12:12,323 INFO     [psi4.driver.task_planner:283] PLANNING Atomic:  keywords={'CC_NUM_THREADS': 12, 'DF_INTS_IO': 'NONE', 'D_CONVERGENCE': 1e-10, 'SAPT__D_CONVERGENCE': 1e-09, 'E_CONVERGENCE': 1e-10, 'SAPT__E_CONVERGENCE': 1e-09, 'FREEZE_CORE': '1', 'INTS_TOLERANCE': 1e-18, 'SCF__INTS_TOLERANCE': 1e-18, 'SAPT__SAPT_LEVEL': 'SAPT2', 'function_kwargs': {}}
2024-02-28:19:12:12,325 INFO     [psi4.driver.driver:524] Compute energy(): method=sapt2, basis=aug-cc-pvtz, molecule=default, nre=1232.0624413462433
2024-02-28:19:45:52,922 INFO     [psi4.driver.driver:527] Return energy(): -0.06157866694770905
2024-02-28:19:46:04,11 INFO     [psi4.driver.task_planner:283] PLANNING Atomic:  keywords={'CC_NUM_THREADS': 12, 'DF_INTS_IO': 'NONE', 'D_CONVERGENCE': 1e-10, 'SAPT__D_CONVERGENCE': 1e-09, 'E_CONVERGENCE': 1e-10, 'SAPT__E_CONVERGENCE': 1e-09, 'FREEZE_CORE': '1', 'INTS_TOLERANCE': 1e-18, 'SCF__INTS_TOLERANCE': 1e-18, 'SAPT__SAPT_LEVEL': 'SAPT2', 'function_kwargs': {}}
2024-02-28:19:46:04,12 INFO     [psi4.driver.driver:524] Compute energy(): method=sapt2, basis=aug-cc-pvtz, molecule=default, nre=1232.3999859883618
2024-02-28:20:19:41,624 INFO     [psi4.driver.driver:527] Return energy(): -0.06196709801381766
2024-02-28:20:19:52,725 INFO     [psi4.driver.task_planner:283] PLANNING Atomic:  keywords={'CC_NUM_THREADS': 12, 'DF_INTS_IO': 'NONE', 'D_CONVERGENCE': 1e-10, 'SAPT__D_CONVERGENCE': 1e-09, 'E_CONVERGENCE': 1e-10, 'SAPT__E_CONVERGENCE': 1e-09, 'FREEZE_CORE': '1', 'INTS_TOLERANCE': 1e-18, 'SCF__INTS_TOLERANCE': 1e-18, 'SAPT__SAPT_LEVEL': 'SAPT2', 'function_kwargs': {}}
2024-02-28:20:19:52,727 INFO     [psi4.driver.driver:524] Compute energy(): method=sapt2, basis=aug-cc-pvtz, molecule=default, nre=1232.3688265969265
2024-02-28:20:53:31,508 INFO     [psi4.driver.driver:527] Return energy(): -0.06182474101583072
2024-02-28:20:53:42,599 INFO     [psi4.driver.task_planner:283] PLANNING Atomic:  keywords={'CC_NUM_THREADS': 12, 'DF_INTS_IO': 'NONE', 'D_CONVERGENCE': 1e-10, 'SAPT__D_CONVERGENCE': 1e-09, 'E_CONVERGENCE': 1e-10, 'SAPT__E_CONVERGENCE': 1e-09, 'FREEZE_CORE': '1', 'INTS_TOLERANCE': 1e-18, 'SCF__INTS_TOLERANCE': 1e-18, 'SAPT__SAPT_LEVEL': 'SAPT2', 'function_kwargs': {}}
2024-02-28:20:53:42,601 INFO     [psi4.driver.driver:524] Compute energy(): method=sapt2, basis=aug-cc-pvtz, molecule=default, nre=1231.9002196700587
2024-02-28:21:27:21,243 INFO     [psi4.driver.driver:527] Return energy(): -0.061309679668403866
